2019-06-13 11:27:57
array (
  'response' => false,
)
------------------
2019-06-13 11:27:57
array (
  'error' => 'http://192.168.77.66:2000/pay/api/index 请求失败 Connection timed out after 10000 milliseconds',
  'info' => 
  array (
    'url' => 'http://192.168.77.66:2000/pay/api/index',
    'content_type' => NULL,
    'http_code' => 0,
    'header_size' => 0,
    'request_size' => 0,
    'filetime' => -1,
    'ssl_verify_result' => 0,
    'redirect_count' => 0,
    'total_time' => 10.0,
    'namelookup_time' => 1.0E-6,
    'connect_time' => 0.0,
    'pretransfer_time' => 0.0,
    'size_upload' => 0.0,
    'size_download' => 0.0,
    'speed_download' => 0.0,
    'speed_upload' => 0.0,
    'download_content_length' => -1.0,
    'upload_content_length' => -1.0,
    'starttransfer_time' => 0.0,
    'redirect_time' => 0.0,
    'redirect_url' => '',
    'primary_ip' => '',
    'certinfo' => 
    array (
    ),
    'primary_port' => 0,
    'local_ip' => '',
    'local_port' => 0,
    'http_version' => 0,
    'protocol' => 0,
    'ssl_verifyresult' => 0,
    'scheme' => '',
    'appconnect_time_us' => 0,
    'connect_time_us' => 0,
    'namelookup_time_us' => 1,
    'pretransfer_time_us' => 0,
    'redirect_time_us' => 0,
    'starttransfer_time_us' => 0,
    'total_time_us' => 10000000,
  ),
)
------------------
2019-06-13 11:31:24
array (
  'response' => false,
)
------------------
2019-06-13 11:31:24
array (
  'error' => 'http://192.168.77.66:2000/pay/api/index 请求失败 Connection timed out after 10000 milliseconds',
  'info' => 
  array (
    'url' => 'http://192.168.77.66:2000/pay/api/index',
    'content_type' => NULL,
    'http_code' => 0,
    'header_size' => 0,
    'request_size' => 0,
    'filetime' => -1,
    'ssl_verify_result' => 0,
    'redirect_count' => 0,
    'total_time' => 10.0,
    'namelookup_time' => 1.0E-6,
    'connect_time' => 0.0,
    'pretransfer_time' => 0.0,
    'size_upload' => 0.0,
    'size_download' => 0.0,
    'speed_download' => 0.0,
    'speed_upload' => 0.0,
    'download_content_length' => -1.0,
    'upload_content_length' => -1.0,
    'starttransfer_time' => 0.0,
    'redirect_time' => 0.0,
    'redirect_url' => '',
    'primary_ip' => '',
    'certinfo' => 
    array (
    ),
    'primary_port' => 0,
    'local_ip' => '',
    'local_port' => 0,
    'http_version' => 0,
    'protocol' => 0,
    'ssl_verifyresult' => 0,
    'scheme' => '',
    'appconnect_time_us' => 0,
    'connect_time_us' => 0,
    'namelookup_time_us' => 1,
    'pretransfer_time_us' => 0,
    'redirect_time_us' => 0,
    'starttransfer_time_us' => 0,
    'total_time_us' => 10000000,
  ),
)
------------------
2019-06-13 11:35:04
array (
  'response' => false,
)
------------------
2019-06-13 11:35:04
array (
  'error' => 'http://192.168.77.66:2000/pay/api/index 请求失败 Connection timed out after 10000 milliseconds',
  'info' => 
  array (
    'url' => 'http://192.168.77.66:2000/pay/api/index',
    'content_type' => NULL,
    'http_code' => 0,
    'header_size' => 0,
    'request_size' => 0,
    'filetime' => -1,
    'ssl_verify_result' => 0,
    'redirect_count' => 0,
    'total_time' => 10.0,
    'namelookup_time' => 1.0E-6,
    'connect_time' => 0.0,
    'pretransfer_time' => 0.0,
    'size_upload' => 0.0,
    'size_download' => 0.0,
    'speed_download' => 0.0,
    'speed_upload' => 0.0,
    'download_content_length' => -1.0,
    'upload_content_length' => -1.0,
    'starttransfer_time' => 0.0,
    'redirect_time' => 0.0,
    'redirect_url' => '',
    'primary_ip' => '',
    'certinfo' => 
    array (
    ),
    'primary_port' => 0,
    'local_ip' => '',
    'local_port' => 0,
    'http_version' => 0,
    'protocol' => 0,
    'ssl_verifyresult' => 0,
    'scheme' => '',
    'appconnect_time_us' => 0,
    'connect_time_us' => 0,
    'namelookup_time_us' => 1,
    'pretransfer_time_us' => 0,
    'redirect_time_us' => 0,
    'starttransfer_time_us' => 0,
    'total_time_us' => 10000000,
  ),
)
------------------
2019-06-13 11:36:10
array (
  'response' => false,
)
------------------
2019-06-13 11:36:10
array (
  'error' => 'http://192.168.77.66:2000/pay/api/index 请求失败 Connection timed out after 10000 milliseconds',
  'info' => 
  array (
    'url' => 'http://192.168.77.66:2000/pay/api/index',
    'content_type' => NULL,
    'http_code' => 0,
    'header_size' => 0,
    'request_size' => 0,
    'filetime' => -1,
    'ssl_verify_result' => 0,
    'redirect_count' => 0,
    'total_time' => 10.0,
    'namelookup_time' => 1.0E-6,
    'connect_time' => 0.0,
    'pretransfer_time' => 0.0,
    'size_upload' => 0.0,
    'size_download' => 0.0,
    'speed_download' => 0.0,
    'speed_upload' => 0.0,
    'download_content_length' => -1.0,
    'upload_content_length' => -1.0,
    'starttransfer_time' => 0.0,
    'redirect_time' => 0.0,
    'redirect_url' => '',
    'primary_ip' => '',
    'certinfo' => 
    array (
    ),
    'primary_port' => 0,
    'local_ip' => '',
    'local_port' => 0,
    'http_version' => 0,
    'protocol' => 0,
    'ssl_verifyresult' => 0,
    'scheme' => '',
    'appconnect_time_us' => 0,
    'connect_time_us' => 0,
    'namelookup_time_us' => 1,
    'pretransfer_time_us' => 0,
    'redirect_time_us' => 0,
    'starttransfer_time_us' => 0,
    'total_time_us' => 10000000,
  ),
)
------------------
2019-06-13 11:38:40
array (
  'response' => '<!DOCTYPE html>
<html>
<head>
    <meta charset="UTF-8">
    <title>System Error</title>
    <meta name="robots" content="noindex,nofollow" />
    <meta name="viewport" content="width=device-width, initial-scale=1, user-scalable=no">
    <style>
        /* Base */
        body {
            color: #333;
            font: 14px Verdana, "Helvetica Neue", helvetica, Arial, \'Microsoft YaHei\', sans-serif;
            margin: 0;
            padding: 0 20px 20px;
            word-break: break-word;
        }
        h1{
            margin: 10px 0 0;
            font-size: 28px;
            font-weight: 500;
            line-height: 32px;
        }
        h2{
            color: #4288ce;
            font-weight: 400;
            padding: 6px 0;
            margin: 6px 0 0;
            font-size: 18px;
            border-bottom: 1px solid #eee;
        }
        h3.subheading {
            color: #4288ce;
            margin: 6px 0 0;
            font-weight: 400;
        }
        h3{
            margin: 12px;
            font-size: 16px;
            font-weight: bold;
        }
        abbr{
            cursor: help;
            text-decoration: underline;
            text-decoration-style: dotted;
        }
        a{
            color: #868686;
            cursor: pointer;
        }
        a:hover{
            text-decoration: underline;
        }
        .line-error{
            background: #f8cbcb;
        }

        .echo table {
            width: 100%;
        }

        .echo pre {
            padding: 16px;
            overflow: auto;
            font-size: 85%;
            line-height: 1.45;
            background-color: #f7f7f7;
            border: 0;
            border-radius: 3px;
            font-family: Consolas, "Liberation Mono", Menlo, Courier, monospace;
        }

        .echo pre > pre {
            padding: 0;
            margin: 0;
        }
        /* Layout */
        .col-md-3 {
            width: 25%;
        }
        .col-md-9 {
            width: 75%;
        }
        [class^="col-md-"] {
            float: left;
        }
        .clearfix {
            clear:both;
        }
        @media only screen 
        and (min-device-width : 375px) 
        and (max-device-width : 667px) { 
            .col-md-3,
            .col-md-9 {
                width: 100%;
            }
        }
        /* Exception Info */
        .exception {
            margin-top: 20px;
        }
        .exception .message{
            padding: 12px;
            border: 1px solid #ddd;
            border-bottom: 0 none;
            line-height: 18px;
            font-size:16px;
            border-top-left-radius: 4px;
            border-top-right-radius: 4px;
            font-family: Consolas,"Liberation Mono",Courier,Verdana,"微软雅黑";
        }

        .exception .code{
            float: left;
            text-align: center;
            color: #fff;
            margin-right: 12px;
            padding: 16px;
            border-radius: 4px;
            background: #999;
        }
        .exception .source-code{
            padding: 6px;
            border: 1px solid #ddd;

            background: #f9f9f9;
            overflow-x: auto;

        }
        .exception .source-code pre{
            margin: 0;
        }
        .exception .source-code pre ol{
            margin: 0;
            color: #4288ce;
            display: inline-block;
            min-width: 100%;
            box-sizing: border-box;
        font-size:14px;
            font-family: "Century Gothic",Consolas,"Liberation Mono",Courier,Verdana;
            padding-left: 40px;
        }
        .exception .source-code pre li{
            border-left: 1px solid #ddd;
            height: 18px;
            line-height: 18px;
        }
        .exception .source-code pre code{
            color: #333;
            height: 100%;
            display: inline-block;
            border-left: 1px solid #fff;
        font-size:14px;
            font-family: Consolas,"Liberation Mono",Courier,Verdana,"微软雅黑";
        }
        .exception .trace{
            padding: 6px;
            border: 1px solid #ddd;
            border-top: 0 none;
            line-height: 16px;
        font-size:14px;
            font-family: Consolas,"Liberation Mono",Courier,Verdana,"微软雅黑";
        }
        .exception .trace ol{
            margin: 12px;
        }
        .exception .trace ol li{
            padding: 2px 4px;
        }
        .exception div:last-child{
            border-bottom-left-radius: 4px;
            border-bottom-right-radius: 4px;
        }

        /* Exception Variables */
        .exception-var table{
            width: 100%;
            margin: 12px 0;
            box-sizing: border-box;
            table-layout:fixed;
            word-wrap:break-word;            
        }
        .exception-var table caption{
            text-align: left;
            font-size: 16px;
            font-weight: bold;
            padding: 6px 0;
        }
        .exception-var table caption small{
            font-weight: 300;
            display: inline-block;
            margin-left: 10px;
            color: #ccc;
        }
        .exception-var table tbody{
            font-size: 13px;
            font-family: Consolas,"Liberation Mono",Courier,"微软雅黑";
        }
        .exception-var table td{
            padding: 0 6px;
            vertical-align: top;
            word-break: break-all;
        }
        .exception-var table td:first-child{
            width: 28%;
            font-weight: bold;
            white-space: nowrap;
        }
        .exception-var table td pre{
            margin: 0;
        }

        /* Copyright Info */
        .copyright{
            margin-top: 24px;
            padding: 12px 0;
            border-top: 1px solid #eee;
        }

        /* SPAN elements with the classes below are added by prettyprint. */
        pre.prettyprint .pln { color: #000 }  /* plain text */
        pre.prettyprint .str { color: #080 }  /* string content */
        pre.prettyprint .kwd { color: #008 }  /* a keyword */
        pre.prettyprint .com { color: #800 }  /* a comment */
        pre.prettyprint .typ { color: #606 }  /* a type name */
        pre.prettyprint .lit { color: #066 }  /* a literal value */
        /* punctuation, lisp open bracket, lisp close bracket */
        pre.prettyprint .pun, pre.prettyprint .opn, pre.prettyprint .clo { color: #660 }
        pre.prettyprint .tag { color: #008 }  /* a markup tag name */
        pre.prettyprint .atn { color: #606 }  /* a markup attribute name */
        pre.prettyprint .atv { color: #080 }  /* a markup attribute value */
        pre.prettyprint .dec, pre.prettyprint .var { color: #606 }  /* a declaration; a variable name */
        pre.prettyprint .fun { color: red }  /* a function name */
    </style>
</head>
<body>
    <div class="echo">
            </div>
        <div class="exception">
        
            <div class="info"><h1>页面错误！请稍后再试～</h1></div>
        
    </div>
        
    
    
    <div class="copyright">
        <a title="官方网站" href="http://www.thinkphp.cn">ThinkPHP</a> 
        <span>V5.0.24</span> 
        <span>{ 十年磨一剑-为API开发设计的高性能框架 }</span>
    </div>
    </body>
</html>
',
)
------------------
2019-06-13 11:38:40
array (
  'error' => 'https://pay.duobao33.com/pay/api/index 请求失败,状态:404',
  'info' => 
  array (
    'url' => 'https://pay.duobao33.com/pay/api/index',
    'content_type' => 'text/html; charset=utf-8',
    'http_code' => 404,
    'header_size' => 213,
    'request_size' => 176,
    'filetime' => -1,
    'ssl_verify_result' => 20,
    'redirect_count' => 0,
    'total_time' => 1.797,
    'namelookup_time' => 1.0E-6,
    'connect_time' => 0.218,
    'pretransfer_time' => 1.547,
    'size_upload' => 807.0,
    'size_download' => 7584.0,
    'speed_download' => 4220.0,
    'speed_upload' => 449.0,
    'download_content_length' => -1.0,
    'upload_content_length' => 807.0,
    'starttransfer_time' => 1.547,
    'redirect_time' => 0.0,
    'redirect_url' => '',
    'primary_ip' => '113.113.120.106',
    'certinfo' => 
    array (
    ),
    'primary_port' => 443,
    'local_ip' => '192.168.1.134',
    'local_port' => 63670,
    'http_version' => 2,
    'protocol' => 2,
    'ssl_verifyresult' => 0,
    'scheme' => 'HTTPS',
    'appconnect_time_us' => 1547000,
    'connect_time_us' => 218000,
    'namelookup_time_us' => 1,
    'pretransfer_time_us' => 1547000,
    'redirect_time_us' => 0,
    'starttransfer_time_us' => 1547000,
    'total_time_us' => 1797000,
    'request_header' => 'POST /pay/api/index HTTP/1.0
Host: pay.duobao33.com
Accept: */*
Content-Length: 807
Content-Type: multipart/form-data; boundary=------------------------2d039c653fa2ac16

',
  ),
)
------------------
2019-06-13 11:39:04
array (
  'response' => '<!DOCTYPE html>
<html>
<head>
    <meta charset="UTF-8">
    <title>System Error</title>
    <meta name="robots" content="noindex,nofollow" />
    <meta name="viewport" content="width=device-width, initial-scale=1, user-scalable=no">
    <style>
        /* Base */
        body {
            color: #333;
            font: 14px Verdana, "Helvetica Neue", helvetica, Arial, \'Microsoft YaHei\', sans-serif;
            margin: 0;
            padding: 0 20px 20px;
            word-break: break-word;
        }
        h1{
            margin: 10px 0 0;
            font-size: 28px;
            font-weight: 500;
            line-height: 32px;
        }
        h2{
            color: #4288ce;
            font-weight: 400;
            padding: 6px 0;
            margin: 6px 0 0;
            font-size: 18px;
            border-bottom: 1px solid #eee;
        }
        h3.subheading {
            color: #4288ce;
            margin: 6px 0 0;
            font-weight: 400;
        }
        h3{
            margin: 12px;
            font-size: 16px;
            font-weight: bold;
        }
        abbr{
            cursor: help;
            text-decoration: underline;
            text-decoration-style: dotted;
        }
        a{
            color: #868686;
            cursor: pointer;
        }
        a:hover{
            text-decoration: underline;
        }
        .line-error{
            background: #f8cbcb;
        }

        .echo table {
            width: 100%;
        }

        .echo pre {
            padding: 16px;
            overflow: auto;
            font-size: 85%;
            line-height: 1.45;
            background-color: #f7f7f7;
            border: 0;
            border-radius: 3px;
            font-family: Consolas, "Liberation Mono", Menlo, Courier, monospace;
        }

        .echo pre > pre {
            padding: 0;
            margin: 0;
        }
        /* Layout */
        .col-md-3 {
            width: 25%;
        }
        .col-md-9 {
            width: 75%;
        }
        [class^="col-md-"] {
            float: left;
        }
        .clearfix {
            clear:both;
        }
        @media only screen 
        and (min-device-width : 375px) 
        and (max-device-width : 667px) { 
            .col-md-3,
            .col-md-9 {
                width: 100%;
            }
        }
        /* Exception Info */
        .exception {
            margin-top: 20px;
        }
        .exception .message{
            padding: 12px;
            border: 1px solid #ddd;
            border-bottom: 0 none;
            line-height: 18px;
            font-size:16px;
            border-top-left-radius: 4px;
            border-top-right-radius: 4px;
            font-family: Consolas,"Liberation Mono",Courier,Verdana,"微软雅黑";
        }

        .exception .code{
            float: left;
            text-align: center;
            color: #fff;
            margin-right: 12px;
            padding: 16px;
            border-radius: 4px;
            background: #999;
        }
        .exception .source-code{
            padding: 6px;
            border: 1px solid #ddd;

            background: #f9f9f9;
            overflow-x: auto;

        }
        .exception .source-code pre{
            margin: 0;
        }
        .exception .source-code pre ol{
            margin: 0;
            color: #4288ce;
            display: inline-block;
            min-width: 100%;
            box-sizing: border-box;
        font-size:14px;
            font-family: "Century Gothic",Consolas,"Liberation Mono",Courier,Verdana;
            padding-left: 40px;
        }
        .exception .source-code pre li{
            border-left: 1px solid #ddd;
            height: 18px;
            line-height: 18px;
        }
        .exception .source-code pre code{
            color: #333;
            height: 100%;
            display: inline-block;
            border-left: 1px solid #fff;
        font-size:14px;
            font-family: Consolas,"Liberation Mono",Courier,Verdana,"微软雅黑";
        }
        .exception .trace{
            padding: 6px;
            border: 1px solid #ddd;
            border-top: 0 none;
            line-height: 16px;
        font-size:14px;
            font-family: Consolas,"Liberation Mono",Courier,Verdana,"微软雅黑";
        }
        .exception .trace ol{
            margin: 12px;
        }
        .exception .trace ol li{
            padding: 2px 4px;
        }
        .exception div:last-child{
            border-bottom-left-radius: 4px;
            border-bottom-right-radius: 4px;
        }

        /* Exception Variables */
        .exception-var table{
            width: 100%;
            margin: 12px 0;
            box-sizing: border-box;
            table-layout:fixed;
            word-wrap:break-word;            
        }
        .exception-var table caption{
            text-align: left;
            font-size: 16px;
            font-weight: bold;
            padding: 6px 0;
        }
        .exception-var table caption small{
            font-weight: 300;
            display: inline-block;
            margin-left: 10px;
            color: #ccc;
        }
        .exception-var table tbody{
            font-size: 13px;
            font-family: Consolas,"Liberation Mono",Courier,"微软雅黑";
        }
        .exception-var table td{
            padding: 0 6px;
            vertical-align: top;
            word-break: break-all;
        }
        .exception-var table td:first-child{
            width: 28%;
            font-weight: bold;
            white-space: nowrap;
        }
        .exception-var table td pre{
            margin: 0;
        }

        /* Copyright Info */
        .copyright{
            margin-top: 24px;
            padding: 12px 0;
            border-top: 1px solid #eee;
        }

        /* SPAN elements with the classes below are added by prettyprint. */
        pre.prettyprint .pln { color: #000 }  /* plain text */
        pre.prettyprint .str { color: #080 }  /* string content */
        pre.prettyprint .kwd { color: #008 }  /* a keyword */
        pre.prettyprint .com { color: #800 }  /* a comment */
        pre.prettyprint .typ { color: #606 }  /* a type name */
        pre.prettyprint .lit { color: #066 }  /* a literal value */
        /* punctuation, lisp open bracket, lisp close bracket */
        pre.prettyprint .pun, pre.prettyprint .opn, pre.prettyprint .clo { color: #660 }
        pre.prettyprint .tag { color: #008 }  /* a markup tag name */
        pre.prettyprint .atn { color: #606 }  /* a markup attribute name */
        pre.prettyprint .atv { color: #080 }  /* a markup attribute value */
        pre.prettyprint .dec, pre.prettyprint .var { color: #606 }  /* a declaration; a variable name */
        pre.prettyprint .fun { color: red }  /* a function name */
    </style>
</head>
<body>
    <div class="echo">
            </div>
        <div class="exception">
        
            <div class="info"><h1>页面错误！请稍后再试～</h1></div>
        
    </div>
        
    
    
    <div class="copyright">
        <a title="官方网站" href="http://www.thinkphp.cn">ThinkPHP</a> 
        <span>V5.0.24</span> 
        <span>{ 十年磨一剑-为API开发设计的高性能框架 }</span>
    </div>
    </body>
</html>
',
)
------------------
2019-06-13 11:39:04
array (
  'error' => 'https://pay.duobao33.com/api/api/index 请求失败,状态:404',
  'info' => 
  array (
    'url' => 'https://pay.duobao33.com/api/api/index',
    'content_type' => 'text/html; charset=utf-8',
    'http_code' => 404,
    'header_size' => 213,
    'request_size' => 176,
    'filetime' => -1,
    'ssl_verify_result' => 20,
    'redirect_count' => 0,
    'total_time' => 1.157,
    'namelookup_time' => 0.235,
    'connect_time' => 0.438,
    'pretransfer_time' => 0.907,
    'size_upload' => 807.0,
    'size_download' => 7584.0,
    'speed_download' => 6554.0,
    'speed_upload' => 697.0,
    'download_content_length' => -1.0,
    'upload_content_length' => 807.0,
    'starttransfer_time' => 0.907,
    'redirect_time' => 0.0,
    'redirect_url' => '',
    'primary_ip' => '113.113.120.182',
    'certinfo' => 
    array (
    ),
    'primary_port' => 443,
    'local_ip' => '192.168.1.134',
    'local_port' => 63698,
    'http_version' => 2,
    'protocol' => 2,
    'ssl_verifyresult' => 0,
    'scheme' => 'HTTPS',
    'appconnect_time_us' => 907000,
    'connect_time_us' => 438000,
    'namelookup_time_us' => 235000,
    'pretransfer_time_us' => 907000,
    'redirect_time_us' => 0,
    'starttransfer_time_us' => 907000,
    'total_time_us' => 1157000,
    'request_header' => 'POST /api/api/index HTTP/1.0
Host: pay.duobao33.com
Accept: */*
Content-Length: 807
Content-Type: multipart/form-data; boundary=------------------------7e024eccd33a8477

',
  ),
)
------------------
