2019-06-14 02:44:35
array (
  'response' => false,
)
------------------
2019-06-14 02:44:35
array (
  'error' => 'http://192.168.77.66:2000/pay/api/index 请求失败 Connection timed out after 10000 milliseconds',
  'info' => 
  array (
    'url' => 'http://192.168.77.66:2000/pay/api/index',
    'content_type' => NULL,
    'http_code' => 0,
    'header_size' => 0,
    'request_size' => 0,
    'filetime' => -1,
    'ssl_verify_result' => 0,
    'redirect_count' => 0,
    'total_time' => 10.0,
    'namelookup_time' => 1.0E-6,
    'connect_time' => 0.0,
    'pretransfer_time' => 0.0,
    'size_upload' => 0.0,
    'size_download' => 0.0,
    'speed_download' => 0.0,
    'speed_upload' => 0.0,
    'download_content_length' => -1.0,
    'upload_content_length' => -1.0,
    'starttransfer_time' => 0.0,
    'redirect_time' => 0.0,
    'redirect_url' => '',
    'primary_ip' => '',
    'certinfo' => 
    array (
    ),
    'primary_port' => 0,
    'local_ip' => '',
    'local_port' => 0,
    'http_version' => 0,
    'protocol' => 0,
    'ssl_verifyresult' => 0,
    'scheme' => '',
    'appconnect_time_us' => 0,
    'connect_time_us' => 0,
    'namelookup_time_us' => 1,
    'pretransfer_time_us' => 0,
    'redirect_time_us' => 0,
    'starttransfer_time_us' => 0,
    'total_time_us' => 10000000,
  ),
)
------------------
2019-06-14 02:45:35
array (
  'response' => false,
)
------------------
2019-06-14 02:45:35
array (
  'error' => 'http://192.168.77.66:2000/pay/api/index 请求失败 Connection timed out after 10000 milliseconds',
  'info' => 
  array (
    'url' => 'http://192.168.77.66:2000/pay/api/index',
    'content_type' => NULL,
    'http_code' => 0,
    'header_size' => 0,
    'request_size' => 0,
    'filetime' => -1,
    'ssl_verify_result' => 0,
    'redirect_count' => 0,
    'total_time' => 10.0,
    'namelookup_time' => 1.0E-6,
    'connect_time' => 0.0,
    'pretransfer_time' => 0.0,
    'size_upload' => 0.0,
    'size_download' => 0.0,
    'speed_download' => 0.0,
    'speed_upload' => 0.0,
    'download_content_length' => -1.0,
    'upload_content_length' => -1.0,
    'starttransfer_time' => 0.0,
    'redirect_time' => 0.0,
    'redirect_url' => '',
    'primary_ip' => '',
    'certinfo' => 
    array (
    ),
    'primary_port' => 0,
    'local_ip' => '',
    'local_port' => 0,
    'http_version' => 0,
    'protocol' => 0,
    'ssl_verifyresult' => 0,
    'scheme' => '',
    'appconnect_time_us' => 0,
    'connect_time_us' => 0,
    'namelookup_time_us' => 1,
    'pretransfer_time_us' => 0,
    'redirect_time_us' => 0,
    'starttransfer_time_us' => 0,
    'total_time_us' => 10000000,
  ),
)
------------------
2019-06-14 02:46:09
array (
  'response' => false,
)
------------------
2019-06-14 02:46:09
array (
  'error' => 'http://192.168.77.66:2000/pay/api/index 请求失败 Connection timed out after 10000 milliseconds',
  'info' => 
  array (
    'url' => 'http://192.168.77.66:2000/pay/api/index',
    'content_type' => NULL,
    'http_code' => 0,
    'header_size' => 0,
    'request_size' => 0,
    'filetime' => -1,
    'ssl_verify_result' => 0,
    'redirect_count' => 0,
    'total_time' => 10.0,
    'namelookup_time' => 1.0E-6,
    'connect_time' => 0.0,
    'pretransfer_time' => 0.0,
    'size_upload' => 0.0,
    'size_download' => 0.0,
    'speed_download' => 0.0,
    'speed_upload' => 0.0,
    'download_content_length' => -1.0,
    'upload_content_length' => -1.0,
    'starttransfer_time' => 0.0,
    'redirect_time' => 0.0,
    'redirect_url' => '',
    'primary_ip' => '',
    'certinfo' => 
    array (
    ),
    'primary_port' => 0,
    'local_ip' => '',
    'local_port' => 0,
    'http_version' => 0,
    'protocol' => 0,
    'ssl_verifyresult' => 0,
    'scheme' => '',
    'appconnect_time_us' => 0,
    'connect_time_us' => 0,
    'namelookup_time_us' => 1,
    'pretransfer_time_us' => 0,
    'redirect_time_us' => 0,
    'starttransfer_time_us' => 0,
    'total_time_us' => 10000000,
  ),
)
------------------
2019-06-14 02:49:02
array (
  'response' => false,
)
------------------
2019-06-14 02:49:02
array (
  'error' => 'http://192.168.77.66:2000/pay/api/index 请求失败 Connection timed out after 10000 milliseconds',
  'info' => 
  array (
    'url' => 'http://192.168.77.66:2000/pay/api/index',
    'content_type' => NULL,
    'http_code' => 0,
    'header_size' => 0,
    'request_size' => 0,
    'filetime' => -1,
    'ssl_verify_result' => 0,
    'redirect_count' => 0,
    'total_time' => 10.0,
    'namelookup_time' => 1.0E-6,
    'connect_time' => 0.0,
    'pretransfer_time' => 0.0,
    'size_upload' => 0.0,
    'size_download' => 0.0,
    'speed_download' => 0.0,
    'speed_upload' => 0.0,
    'download_content_length' => -1.0,
    'upload_content_length' => -1.0,
    'starttransfer_time' => 0.0,
    'redirect_time' => 0.0,
    'redirect_url' => '',
    'primary_ip' => '',
    'certinfo' => 
    array (
    ),
    'primary_port' => 0,
    'local_ip' => '',
    'local_port' => 0,
    'http_version' => 0,
    'protocol' => 0,
    'ssl_verifyresult' => 0,
    'scheme' => '',
    'appconnect_time_us' => 0,
    'connect_time_us' => 0,
    'namelookup_time_us' => 1,
    'pretransfer_time_us' => 0,
    'redirect_time_us' => 0,
    'starttransfer_time_us' => 0,
    'total_time_us' => 10000000,
  ),
)
------------------
2019-06-14 02:49:40
array (
  'response' => false,
)
------------------
2019-06-14 02:49:40
array (
  'error' => 'http://192.168.77.66:2000/pay/api/index 请求失败 Connection timed out after 10015 milliseconds',
  'info' => 
  array (
    'url' => 'http://192.168.77.66:2000/pay/api/index',
    'content_type' => NULL,
    'http_code' => 0,
    'header_size' => 0,
    'request_size' => 0,
    'filetime' => -1,
    'ssl_verify_result' => 0,
    'redirect_count' => 0,
    'total_time' => 10.015,
    'namelookup_time' => 1.0E-6,
    'connect_time' => 0.0,
    'pretransfer_time' => 0.0,
    'size_upload' => 0.0,
    'size_download' => 0.0,
    'speed_download' => 0.0,
    'speed_upload' => 0.0,
    'download_content_length' => -1.0,
    'upload_content_length' => -1.0,
    'starttransfer_time' => 0.0,
    'redirect_time' => 0.0,
    'redirect_url' => '',
    'primary_ip' => '',
    'certinfo' => 
    array (
    ),
    'primary_port' => 0,
    'local_ip' => '',
    'local_port' => 0,
    'http_version' => 0,
    'protocol' => 0,
    'ssl_verifyresult' => 0,
    'scheme' => '',
    'appconnect_time_us' => 0,
    'connect_time_us' => 0,
    'namelookup_time_us' => 1,
    'pretransfer_time_us' => 0,
    'redirect_time_us' => 0,
    'starttransfer_time_us' => 0,
    'total_time_us' => 10015000,
  ),
)
------------------
2019-06-14 02:50:01
array (
  'response' => false,
)
------------------
2019-06-14 02:50:01
array (
  'error' => 'http://192.168.77.66:2000/pay/api/index 请求失败 Connection timed out after 10000 milliseconds',
  'info' => 
  array (
    'url' => 'http://192.168.77.66:2000/pay/api/index',
    'content_type' => NULL,
    'http_code' => 0,
    'header_size' => 0,
    'request_size' => 0,
    'filetime' => -1,
    'ssl_verify_result' => 0,
    'redirect_count' => 0,
    'total_time' => 10.0,
    'namelookup_time' => 1.0E-6,
    'connect_time' => 0.0,
    'pretransfer_time' => 0.0,
    'size_upload' => 0.0,
    'size_download' => 0.0,
    'speed_download' => 0.0,
    'speed_upload' => 0.0,
    'download_content_length' => -1.0,
    'upload_content_length' => -1.0,
    'starttransfer_time' => 0.0,
    'redirect_time' => 0.0,
    'redirect_url' => '',
    'primary_ip' => '',
    'certinfo' => 
    array (
    ),
    'primary_port' => 0,
    'local_ip' => '',
    'local_port' => 0,
    'http_version' => 0,
    'protocol' => 0,
    'ssl_verifyresult' => 0,
    'scheme' => '',
    'appconnect_time_us' => 0,
    'connect_time_us' => 0,
    'namelookup_time_us' => 1,
    'pretransfer_time_us' => 0,
    'redirect_time_us' => 0,
    'starttransfer_time_us' => 0,
    'total_time_us' => 10000000,
  ),
)
------------------
2019-06-14 02:53:12
array (
  'response' => false,
)
------------------
2019-06-14 02:53:12
array (
  'error' => 'http://192.168.77.66:2000/pay/api/index 请求失败 Connection timed out after 10016 milliseconds',
  'info' => 
  array (
    'url' => 'http://192.168.77.66:2000/pay/api/index',
    'content_type' => NULL,
    'http_code' => 0,
    'header_size' => 0,
    'request_size' => 0,
    'filetime' => -1,
    'ssl_verify_result' => 0,
    'redirect_count' => 0,
    'total_time' => 10.016,
    'namelookup_time' => 1.0E-6,
    'connect_time' => 0.0,
    'pretransfer_time' => 0.0,
    'size_upload' => 0.0,
    'size_download' => 0.0,
    'speed_download' => 0.0,
    'speed_upload' => 0.0,
    'download_content_length' => -1.0,
    'upload_content_length' => -1.0,
    'starttransfer_time' => 0.0,
    'redirect_time' => 0.0,
    'redirect_url' => '',
    'primary_ip' => '',
    'certinfo' => 
    array (
    ),
    'primary_port' => 0,
    'local_ip' => '',
    'local_port' => 0,
    'http_version' => 0,
    'protocol' => 0,
    'ssl_verifyresult' => 0,
    'scheme' => '',
    'appconnect_time_us' => 0,
    'connect_time_us' => 0,
    'namelookup_time_us' => 1,
    'pretransfer_time_us' => 0,
    'redirect_time_us' => 0,
    'starttransfer_time_us' => 0,
    'total_time_us' => 10016000,
  ),
)
------------------
2019-06-14 02:54:44
array (
  'response' => false,
)
------------------
2019-06-14 02:54:44
array (
  'error' => 'http://192.168.77.66:2000/pay/api/index 请求失败 Connection timed out after 10000 milliseconds',
  'info' => 
  array (
    'url' => 'http://192.168.77.66:2000/pay/api/index',
    'content_type' => NULL,
    'http_code' => 0,
    'header_size' => 0,
    'request_size' => 0,
    'filetime' => -1,
    'ssl_verify_result' => 0,
    'redirect_count' => 0,
    'total_time' => 10.0,
    'namelookup_time' => 1.0E-6,
    'connect_time' => 0.0,
    'pretransfer_time' => 0.0,
    'size_upload' => 0.0,
    'size_download' => 0.0,
    'speed_download' => 0.0,
    'speed_upload' => 0.0,
    'download_content_length' => -1.0,
    'upload_content_length' => -1.0,
    'starttransfer_time' => 0.0,
    'redirect_time' => 0.0,
    'redirect_url' => '',
    'primary_ip' => '',
    'certinfo' => 
    array (
    ),
    'primary_port' => 0,
    'local_ip' => '',
    'local_port' => 0,
    'http_version' => 0,
    'protocol' => 0,
    'ssl_verifyresult' => 0,
    'scheme' => '',
    'appconnect_time_us' => 0,
    'connect_time_us' => 0,
    'namelookup_time_us' => 1,
    'pretransfer_time_us' => 0,
    'redirect_time_us' => 0,
    'starttransfer_time_us' => 0,
    'total_time_us' => 10000000,
  ),
)
------------------
2019-06-14 02:55:10
array (
  'response' => false,
)
------------------
2019-06-14 02:55:10
array (
  'error' => 'http://192.168.77.66:2000/pay/api/index 请求失败 Connection timed out after 10000 milliseconds',
  'info' => 
  array (
    'url' => 'http://192.168.77.66:2000/pay/api/index',
    'content_type' => NULL,
    'http_code' => 0,
    'header_size' => 0,
    'request_size' => 0,
    'filetime' => -1,
    'ssl_verify_result' => 0,
    'redirect_count' => 0,
    'total_time' => 10.0,
    'namelookup_time' => 1.0E-6,
    'connect_time' => 0.0,
    'pretransfer_time' => 0.0,
    'size_upload' => 0.0,
    'size_download' => 0.0,
    'speed_download' => 0.0,
    'speed_upload' => 0.0,
    'download_content_length' => -1.0,
    'upload_content_length' => -1.0,
    'starttransfer_time' => 0.0,
    'redirect_time' => 0.0,
    'redirect_url' => '',
    'primary_ip' => '',
    'certinfo' => 
    array (
    ),
    'primary_port' => 0,
    'local_ip' => '',
    'local_port' => 0,
    'http_version' => 0,
    'protocol' => 0,
    'ssl_verifyresult' => 0,
    'scheme' => '',
    'appconnect_time_us' => 0,
    'connect_time_us' => 0,
    'namelookup_time_us' => 1,
    'pretransfer_time_us' => 0,
    'redirect_time_us' => 0,
    'starttransfer_time_us' => 0,
    'total_time_us' => 10000000,
  ),
)
------------------
2019-06-14 02:55:45
array (
  'response' => false,
)
------------------
2019-06-14 02:55:45
array (
  'error' => 'http://192.168.77.66:2000/pay/api/index 请求失败 Connection timed out after 10000 milliseconds',
  'info' => 
  array (
    'url' => 'http://192.168.77.66:2000/pay/api/index',
    'content_type' => NULL,
    'http_code' => 0,
    'header_size' => 0,
    'request_size' => 0,
    'filetime' => -1,
    'ssl_verify_result' => 0,
    'redirect_count' => 0,
    'total_time' => 10.0,
    'namelookup_time' => 1.0E-6,
    'connect_time' => 0.0,
    'pretransfer_time' => 0.0,
    'size_upload' => 0.0,
    'size_download' => 0.0,
    'speed_download' => 0.0,
    'speed_upload' => 0.0,
    'download_content_length' => -1.0,
    'upload_content_length' => -1.0,
    'starttransfer_time' => 0.0,
    'redirect_time' => 0.0,
    'redirect_url' => '',
    'primary_ip' => '',
    'certinfo' => 
    array (
    ),
    'primary_port' => 0,
    'local_ip' => '',
    'local_port' => 0,
    'http_version' => 0,
    'protocol' => 0,
    'ssl_verifyresult' => 0,
    'scheme' => '',
    'appconnect_time_us' => 0,
    'connect_time_us' => 0,
    'namelookup_time_us' => 1,
    'pretransfer_time_us' => 0,
    'redirect_time_us' => 0,
    'starttransfer_time_us' => 0,
    'total_time_us' => 10000000,
  ),
)
------------------
2019-06-14 02:57:14
array (
  'response' => false,
)
------------------
2019-06-14 02:57:14
array (
  'error' => 'http://192.168.77.66:2000/pay/api/index 请求失败 Connection timed out after 10000 milliseconds',
  'info' => 
  array (
    'url' => 'http://192.168.77.66:2000/pay/api/index',
    'content_type' => NULL,
    'http_code' => 0,
    'header_size' => 0,
    'request_size' => 0,
    'filetime' => -1,
    'ssl_verify_result' => 0,
    'redirect_count' => 0,
    'total_time' => 10.0,
    'namelookup_time' => 1.0E-6,
    'connect_time' => 0.0,
    'pretransfer_time' => 0.0,
    'size_upload' => 0.0,
    'size_download' => 0.0,
    'speed_download' => 0.0,
    'speed_upload' => 0.0,
    'download_content_length' => -1.0,
    'upload_content_length' => -1.0,
    'starttransfer_time' => 0.0,
    'redirect_time' => 0.0,
    'redirect_url' => '',
    'primary_ip' => '',
    'certinfo' => 
    array (
    ),
    'primary_port' => 0,
    'local_ip' => '',
    'local_port' => 0,
    'http_version' => 0,
    'protocol' => 0,
    'ssl_verifyresult' => 0,
    'scheme' => '',
    'appconnect_time_us' => 0,
    'connect_time_us' => 0,
    'namelookup_time_us' => 1,
    'pretransfer_time_us' => 0,
    'redirect_time_us' => 0,
    'starttransfer_time_us' => 0,
    'total_time_us' => 10000000,
  ),
)
------------------
2019-06-14 02:57:51
array (
  'response' => false,
)
------------------
2019-06-14 02:57:51
array (
  'error' => 'http://192.168.77.66:2000/pay/api/index 请求失败 Connection timed out after 10000 milliseconds',
  'info' => 
  array (
    'url' => 'http://192.168.77.66:2000/pay/api/index',
    'content_type' => NULL,
    'http_code' => 0,
    'header_size' => 0,
    'request_size' => 0,
    'filetime' => -1,
    'ssl_verify_result' => 0,
    'redirect_count' => 0,
    'total_time' => 10.0,
    'namelookup_time' => 1.0E-6,
    'connect_time' => 0.0,
    'pretransfer_time' => 0.0,
    'size_upload' => 0.0,
    'size_download' => 0.0,
    'speed_download' => 0.0,
    'speed_upload' => 0.0,
    'download_content_length' => -1.0,
    'upload_content_length' => -1.0,
    'starttransfer_time' => 0.0,
    'redirect_time' => 0.0,
    'redirect_url' => '',
    'primary_ip' => '',
    'certinfo' => 
    array (
    ),
    'primary_port' => 0,
    'local_ip' => '',
    'local_port' => 0,
    'http_version' => 0,
    'protocol' => 0,
    'ssl_verifyresult' => 0,
    'scheme' => '',
    'appconnect_time_us' => 0,
    'connect_time_us' => 0,
    'namelookup_time_us' => 1,
    'pretransfer_time_us' => 0,
    'redirect_time_us' => 0,
    'starttransfer_time_us' => 0,
    'total_time_us' => 10000000,
  ),
)
------------------
2019-06-14 02:59:59
array (
  'response' => false,
)
------------------
2019-06-14 02:59:59
array (
  'error' => 'http://192.168.77.66:2000/pay/api/index 请求失败 Connection timed out after 10000 milliseconds',
  'info' => 
  array (
    'url' => 'http://192.168.77.66:2000/pay/api/index',
    'content_type' => NULL,
    'http_code' => 0,
    'header_size' => 0,
    'request_size' => 0,
    'filetime' => -1,
    'ssl_verify_result' => 0,
    'redirect_count' => 0,
    'total_time' => 10.0,
    'namelookup_time' => 1.0E-6,
    'connect_time' => 0.0,
    'pretransfer_time' => 0.0,
    'size_upload' => 0.0,
    'size_download' => 0.0,
    'speed_download' => 0.0,
    'speed_upload' => 0.0,
    'download_content_length' => -1.0,
    'upload_content_length' => -1.0,
    'starttransfer_time' => 0.0,
    'redirect_time' => 0.0,
    'redirect_url' => '',
    'primary_ip' => '',
    'certinfo' => 
    array (
    ),
    'primary_port' => 0,
    'local_ip' => '',
    'local_port' => 0,
    'http_version' => 0,
    'protocol' => 0,
    'ssl_verifyresult' => 0,
    'scheme' => '',
    'appconnect_time_us' => 0,
    'connect_time_us' => 0,
    'namelookup_time_us' => 1,
    'pretransfer_time_us' => 0,
    'redirect_time_us' => 0,
    'starttransfer_time_us' => 0,
    'total_time_us' => 10000000,
  ),
)
------------------
2019-06-14 03:00:34
array (
  'response' => false,
)
------------------
2019-06-14 03:00:34
array (
  'error' => 'http://192.168.77.66:2000/pay/api/index 请求失败 Connection timed out after 10000 milliseconds',
  'info' => 
  array (
    'url' => 'http://192.168.77.66:2000/pay/api/index',
    'content_type' => NULL,
    'http_code' => 0,
    'header_size' => 0,
    'request_size' => 0,
    'filetime' => -1,
    'ssl_verify_result' => 0,
    'redirect_count' => 0,
    'total_time' => 10.0,
    'namelookup_time' => 1.0E-6,
    'connect_time' => 0.0,
    'pretransfer_time' => 0.0,
    'size_upload' => 0.0,
    'size_download' => 0.0,
    'speed_download' => 0.0,
    'speed_upload' => 0.0,
    'download_content_length' => -1.0,
    'upload_content_length' => -1.0,
    'starttransfer_time' => 0.0,
    'redirect_time' => 0.0,
    'redirect_url' => '',
    'primary_ip' => '',
    'certinfo' => 
    array (
    ),
    'primary_port' => 0,
    'local_ip' => '',
    'local_port' => 0,
    'http_version' => 0,
    'protocol' => 0,
    'ssl_verifyresult' => 0,
    'scheme' => '',
    'appconnect_time_us' => 0,
    'connect_time_us' => 0,
    'namelookup_time_us' => 1,
    'pretransfer_time_us' => 0,
    'redirect_time_us' => 0,
    'starttransfer_time_us' => 0,
    'total_time_us' => 10000000,
  ),
)
------------------
2019-06-14 03:01:16
array (
  'response' => false,
)
------------------
2019-06-14 03:01:16
array (
  'error' => 'http://192.168.77.66:2000/pay/api/index 请求失败 Connection timed out after 10000 milliseconds',
  'info' => 
  array (
    'url' => 'http://192.168.77.66:2000/pay/api/index',
    'content_type' => NULL,
    'http_code' => 0,
    'header_size' => 0,
    'request_size' => 0,
    'filetime' => -1,
    'ssl_verify_result' => 0,
    'redirect_count' => 0,
    'total_time' => 10.0,
    'namelookup_time' => 1.0E-6,
    'connect_time' => 0.0,
    'pretransfer_time' => 0.0,
    'size_upload' => 0.0,
    'size_download' => 0.0,
    'speed_download' => 0.0,
    'speed_upload' => 0.0,
    'download_content_length' => -1.0,
    'upload_content_length' => -1.0,
    'starttransfer_time' => 0.0,
    'redirect_time' => 0.0,
    'redirect_url' => '',
    'primary_ip' => '',
    'certinfo' => 
    array (
    ),
    'primary_port' => 0,
    'local_ip' => '',
    'local_port' => 0,
    'http_version' => 0,
    'protocol' => 0,
    'ssl_verifyresult' => 0,
    'scheme' => '',
    'appconnect_time_us' => 0,
    'connect_time_us' => 0,
    'namelookup_time_us' => 1,
    'pretransfer_time_us' => 0,
    'redirect_time_us' => 0,
    'starttransfer_time_us' => 0,
    'total_time_us' => 10000000,
  ),
)
------------------
